{"C:\\Users\\anais\\Electiva 2\\ElectivaIISebastianLondonoAnaAgudelo2\\auth\\aplication\\generateJWT.js": {"path":"C:\\Users\\anais\\Electiva 2\\ElectivaIISebastianLondonoAnaAgudelo2\\auth\\aplication\\generateJWT.js","statementMap":{"0":{"start":{"line":1,"column":12},"end":{"line":1,"column":35}},"1":{"start":{"line":2,"column":23},"end":{"line":2,"column":34}},"2":{"start":{"line":4,"column":22},"end":{"line":6,"column":1}},"3":{"start":{"line":5,"column":2},"end":{"line":5,"column":60}},"4":{"start":{"line":8,"column":0},"end":{"line":8,"column":35}}},"fnMap":{"0":{"name":"(anonymous_0)","decl":{"start":{"line":4,"column":22},"end":{"line":4,"column":23}},"loc":{"start":{"line":4,"column":35},"end":{"line":6,"column":1}},"line":4}},"branchMap":{},"s":{"0":5,"1":5,"2":5,"3":3,"4":5},"f":{"0":3},"b":{},"_coverageSchema":"1a1c01bbd47fc00a2c39e90264f33305004495a9","hash":"7a1b15b64bce18764257e4d078fcf90d7f9a7b35"}
,"C:\\Users\\anais\\Electiva 2\\ElectivaIISebastianLondonoAnaAgudelo2\\auth\\aplication\\loginUser.js": {"path":"C:\\Users\\anais\\Electiva 2\\ElectivaIISebastianLondonoAnaAgudelo2\\auth\\aplication\\loginUser.js","statementMap":{"0":{"start":{"line":1,"column":13},"end":{"line":1,"column":52}},"1":{"start":{"line":2,"column":33},"end":{"line":2,"column":66}},"2":{"start":{"line":3,"column":26},"end":{"line":3,"column":50}},"3":{"start":{"line":5,"column":18},"end":{"line":31,"column":1}},"4":{"start":{"line":6,"column":32},"end":{"line":6,"column":40}},"5":{"start":{"line":8,"column":27},"end":{"line":8,"column":57}},"6":{"start":{"line":9,"column":2},"end":{"line":11,"column":3}},"7":{"start":{"line":10,"column":4},"end":{"line":10,"column":62}},"8":{"start":{"line":13,"column":2},"end":{"line":30,"column":3}},"9":{"start":{"line":15,"column":15},"end":{"line":15,"column":46}},"10":{"start":{"line":17,"column":4},"end":{"line":19,"column":5}},"11":{"start":{"line":18,"column":6},"end":{"line":18,"column":66}},"12":{"start":{"line":21,"column":4},"end":{"line":23,"column":5}},"13":{"start":{"line":22,"column":6},"end":{"line":22,"column":61}},"14":{"start":{"line":25,"column":18},"end":{"line":25,"column":45}},"15":{"start":{"line":26,"column":4},"end":{"line":26,"column":57}},"16":{"start":{"line":29,"column":4},"end":{"line":29,"column":71}},"17":{"start":{"line":33,"column":0},"end":{"line":33,"column":28}}},"fnMap":{"0":{"name":"(anonymous_0)","decl":{"start":{"line":5,"column":18},"end":{"line":5,"column":19}},"loc":{"start":{"line":5,"column":38},"end":{"line":31,"column":1}},"line":5}},"branchMap":{"0":{"loc":{"start":{"line":9,"column":2},"end":{"line":11,"column":3}},"type":"if","locations":[{"start":{"line":9,"column":2},"end":{"line":11,"column":3}},{"start":{},"end":{}}],"line":9},"1":{"loc":{"start":{"line":17,"column":4},"end":{"line":19,"column":5}},"type":"if","locations":[{"start":{"line":17,"column":4},"end":{"line":19,"column":5}},{"start":{},"end":{}}],"line":17},"2":{"loc":{"start":{"line":21,"column":4},"end":{"line":23,"column":5}},"type":"if","locations":[{"start":{"line":21,"column":4},"end":{"line":23,"column":5}},{"start":{},"end":{}}],"line":21}},"s":{"0":2,"1":2,"2":2,"3":2,"4":5,"5":5,"6":5,"7":1,"8":4,"9":4,"10":3,"11":1,"12":2,"13":1,"14":1,"15":1,"16":1,"17":2},"f":{"0":5},"b":{"0":[1,4],"1":[1,2],"2":[1,1]},"_coverageSchema":"1a1c01bbd47fc00a2c39e90264f33305004495a9","hash":"7f98750313470e4757710094b3855eca5956f869"}
,"C:\\Users\\anais\\Electiva 2\\ElectivaIISebastianLondonoAnaAgudelo2\\auth\\aplication\\registerUser.js": {"path":"C:\\Users\\anais\\Electiva 2\\ElectivaIISebastianLondonoAnaAgudelo2\\auth\\aplication\\registerUser.js","statementMap":{"0":{"start":{"line":1,"column":13},"end":{"line":1,"column":52}},"1":{"start":{"line":2,"column":36},"end":{"line":2,"column":72}},"2":{"start":{"line":3,"column":26},"end":{"line":3,"column":50}},"3":{"start":{"line":7,"column":21},"end":{"line":44,"column":1}},"4":{"start":{"line":9,"column":63},"end":{"line":9,"column":71}},"5":{"start":{"line":11,"column":27},"end":{"line":11,"column":60}},"6":{"start":{"line":13,"column":2},"end":{"line":15,"column":3}},"7":{"start":{"line":14,"column":4},"end":{"line":14,"column":62}},"8":{"start":{"line":17,"column":2},"end":{"line":43,"column":3}},"9":{"start":{"line":18,"column":16},"end":{"line":18,"column":28}},"10":{"start":{"line":20,"column":15},"end":{"line":20,"column":51}},"11":{"start":{"line":22,"column":4},"end":{"line":24,"column":5}},"12":{"start":{"line":23,"column":6},"end":{"line":23,"column":66}},"13":{"start":{"line":26,"column":23},"end":{"line":26,"column":34}},"14":{"start":{"line":28,"column":4},"end":{"line":34,"column":6}},"15":{"start":{"line":36,"column":4},"end":{"line":36,"column":22}},"16":{"start":{"line":38,"column":18},"end":{"line":38,"column":44}},"17":{"start":{"line":39,"column":4},"end":{"line":39,"column":69}},"18":{"start":{"line":42,"column":4},"end":{"line":42,"column":67}},"19":{"start":{"line":46,"column":0},"end":{"line":46,"column":30}}},"fnMap":{"0":{"name":"(anonymous_0)","decl":{"start":{"line":7,"column":21},"end":{"line":7,"column":22}},"loc":{"start":{"line":7,"column":41},"end":{"line":44,"column":1}},"line":7}},"branchMap":{"0":{"loc":{"start":{"line":13,"column":2},"end":{"line":15,"column":3}},"type":"if","locations":[{"start":{"line":13,"column":2},"end":{"line":15,"column":3}},{"start":{},"end":{}}],"line":13},"1":{"loc":{"start":{"line":22,"column":4},"end":{"line":24,"column":5}},"type":"if","locations":[{"start":{"line":22,"column":4},"end":{"line":24,"column":5}},{"start":{},"end":{}}],"line":22}},"s":{"0":2,"1":2,"2":2,"3":2,"4":4,"5":4,"6":4,"7":1,"8":3,"9":3,"10":3,"11":3,"12":1,"13":2,"14":2,"15":2,"16":1,"17":1,"18":1,"19":2},"f":{"0":4},"b":{"0":[1,3],"1":[1,2]},"_coverageSchema":"1a1c01bbd47fc00a2c39e90264f33305004495a9","hash":"3b63b1cc9b73dd4cac2efa6b252f45b5609b5d20"}
,"C:\\Users\\anais\\Electiva 2\\ElectivaIISebastianLondonoAnaAgudelo2\\auth\\aplication\\validateDataForLogin.js": {"path":"C:\\Users\\anais\\Electiva 2\\ElectivaIISebastianLondonoAnaAgudelo2\\auth\\aplication\\validateDataForLogin.js","statementMap":{"0":{"start":{"line":1,"column":29},"end":{"line":1,"column":66}},"1":{"start":{"line":2,"column":30},"end":{"line":2,"column":68}},"2":{"start":{"line":3,"column":27},"end":{"line":3,"column":62}},"3":{"start":{"line":5,"column":29},"end":{"line":24,"column":1}},"4":{"start":{"line":7,"column":32},"end":{"line":7,"column":40}},"5":{"start":{"line":8,"column":50},"end":{"line":8,"column":77}},"6":{"start":{"line":9,"column":44},"end":{"line":9,"column":68}},"7":{"start":{"line":10,"column":48},"end":{"line":10,"column":73}},"8":{"start":{"line":12,"column":2},"end":{"line":14,"column":3}},"9":{"start":{"line":13,"column":4},"end":{"line":13,"column":47}},"10":{"start":{"line":16,"column":2},"end":{"line":18,"column":3}},"11":{"start":{"line":17,"column":4},"end":{"line":17,"column":44}},"12":{"start":{"line":20,"column":2},"end":{"line":22,"column":3}},"13":{"start":{"line":21,"column":4},"end":{"line":21,"column":46}},"14":{"start":{"line":26,"column":0},"end":{"line":28,"column":2}}},"fnMap":{"0":{"name":"(anonymous_0)","decl":{"start":{"line":5,"column":29},"end":{"line":5,"column":30}},"loc":{"start":{"line":5,"column":43},"end":{"line":24,"column":1}},"line":5}},"branchMap":{"0":{"loc":{"start":{"line":12,"column":2},"end":{"line":14,"column":3}},"type":"if","locations":[{"start":{"line":12,"column":2},"end":{"line":14,"column":3}},{"start":{},"end":{}}],"line":12},"1":{"loc":{"start":{"line":16,"column":2},"end":{"line":18,"column":3}},"type":"if","locations":[{"start":{"line":16,"column":2},"end":{"line":18,"column":3}},{"start":{},"end":{}}],"line":16},"2":{"loc":{"start":{"line":20,"column":2},"end":{"line":22,"column":3}},"type":"if","locations":[{"start":{"line":20,"column":2},"end":{"line":22,"column":3}},{"start":{},"end":{}}],"line":20}},"s":{"0":3,"1":3,"2":3,"3":3,"4":4,"5":4,"6":4,"7":3,"8":2,"9":0,"10":2,"11":0,"12":2,"13":1,"14":3},"f":{"0":4},"b":{"0":[0,2],"1":[0,2],"2":[1,1]},"_coverageSchema":"1a1c01bbd47fc00a2c39e90264f33305004495a9","hash":"5ce5db38890a5c2e384bee5dd986bae9f0de155e"}
,"C:\\Users\\anais\\Electiva 2\\ElectivaIISebastianLondonoAnaAgudelo2\\auth\\aplication\\validateDataForRegister.js": {"path":"C:\\Users\\anais\\Electiva 2\\ElectivaIISebastianLondonoAnaAgudelo2\\auth\\aplication\\validateDataForRegister.js","statementMap":{"0":{"start":{"line":1,"column":27},"end":{"line":1,"column":62}},"1":{"start":{"line":2,"column":30},"end":{"line":2,"column":68}},"2":{"start":{"line":3,"column":30},"end":{"line":3,"column":68}},"3":{"start":{"line":5,"column":32},"end":{"line":24,"column":1}},"4":{"start":{"line":7,"column":30},"end":{"line":7,"column":38}},"5":{"start":{"line":8,"column":50},"end":{"line":8,"column":77}},"6":{"start":{"line":9,"column":50},"end":{"line":9,"column":77}},"7":{"start":{"line":10,"column":44},"end":{"line":10,"column":65}},"8":{"start":{"line":12,"column":2},"end":{"line":14,"column":3}},"9":{"start":{"line":13,"column":4},"end":{"line":13,"column":46}},"10":{"start":{"line":16,"column":2},"end":{"line":18,"column":3}},"11":{"start":{"line":17,"column":4},"end":{"line":17,"column":46}},"12":{"start":{"line":20,"column":2},"end":{"line":22,"column":3}},"13":{"start":{"line":21,"column":4},"end":{"line":21,"column":43}},"14":{"start":{"line":26,"column":0},"end":{"line":26,"column":43}}},"fnMap":{"0":{"name":"(anonymous_0)","decl":{"start":{"line":5,"column":32},"end":{"line":5,"column":33}},"loc":{"start":{"line":5,"column":46},"end":{"line":24,"column":1}},"line":5}},"branchMap":{"0":{"loc":{"start":{"line":12,"column":2},"end":{"line":14,"column":3}},"type":"if","locations":[{"start":{"line":12,"column":2},"end":{"line":14,"column":3}},{"start":{},"end":{}}],"line":12},"1":{"loc":{"start":{"line":16,"column":2},"end":{"line":18,"column":3}},"type":"if","locations":[{"start":{"line":16,"column":2},"end":{"line":18,"column":3}},{"start":{},"end":{}}],"line":16},"2":{"loc":{"start":{"line":20,"column":2},"end":{"line":22,"column":3}},"type":"if","locations":[{"start":{"line":20,"column":2},"end":{"line":22,"column":3}},{"start":{},"end":{}}],"line":20}},"s":{"0":3,"1":3,"2":3,"3":3,"4":4,"5":4,"6":4,"7":3,"8":2,"9":0,"10":2,"11":0,"12":2,"13":1,"14":3},"f":{"0":4},"b":{"0":[0,2],"1":[0,2],"2":[1,1]},"_coverageSchema":"1a1c01bbd47fc00a2c39e90264f33305004495a9","hash":"4ef516a20309e2a729ef2e0886ef424846a00b11"}
,"C:\\Users\\anais\\Electiva 2\\ElectivaIISebastianLondonoAnaAgudelo2\\auth\\domain\\emailValidator.js": {"path":"C:\\Users\\anais\\Electiva 2\\ElectivaIISebastianLondonoAnaAgudelo2\\auth\\domain\\emailValidator.js","statementMap":{"0":{"start":{"line":1,"column":23},"end":{"line":19,"column":1}},"1":{"start":{"line":2,"column":24},"end":{"line":2,"column":28}},"2":{"start":{"line":3,"column":21},"end":{"line":3,"column":23}},"3":{"start":{"line":5,"column":2},"end":{"line":9,"column":3}},"4":{"start":{"line":6,"column":4},"end":{"line":6,"column":28}},"5":{"start":{"line":7,"column":4},"end":{"line":7,"column":47}},"6":{"start":{"line":8,"column":4},"end":{"line":8,"column":45}},"7":{"start":{"line":11,"column":28},"end":{"line":11,"column":68}},"8":{"start":{"line":12,"column":2},"end":{"line":16,"column":3}},"9":{"start":{"line":13,"column":4},"end":{"line":13,"column":28}},"10":{"start":{"line":14,"column":4},"end":{"line":14,"column":59}},"11":{"start":{"line":15,"column":4},"end":{"line":15,"column":45}},"12":{"start":{"line":18,"column":2},"end":{"line":18,"column":68}},"13":{"start":{"line":21,"column":0},"end":{"line":21,"column":36}}},"fnMap":{"0":{"name":"(anonymous_0)","decl":{"start":{"line":1,"column":23},"end":{"line":1,"column":24}},"loc":{"start":{"line":1,"column":34},"end":{"line":19,"column":1}},"line":1}},"branchMap":{"0":{"loc":{"start":{"line":5,"column":2},"end":{"line":9,"column":3}},"type":"if","locations":[{"start":{"line":5,"column":2},"end":{"line":9,"column":3}},{"start":{},"end":{}}],"line":5},"1":{"loc":{"start":{"line":12,"column":2},"end":{"line":16,"column":3}},"type":"if","locations":[{"start":{"line":12,"column":2},"end":{"line":16,"column":3}},{"start":{},"end":{}}],"line":12}},"s":{"0":4,"1":4,"2":4,"3":4,"4":1,"5":1,"6":1,"7":3,"8":3,"9":2,"10":2,"11":2,"12":1,"13":4},"f":{"0":4},"b":{"0":[1,3],"1":[2,1]},"_coverageSchema":"1a1c01bbd47fc00a2c39e90264f33305004495a9","hash":"d4a84233be2babd062e72998a4011533243dd29e"}
,"C:\\Users\\anais\\Electiva 2\\ElectivaIISebastianLondonoAnaAgudelo2\\auth\\domain\\loginValidator.js": {"path":"C:\\Users\\anais\\Electiva 2\\ElectivaIISebastianLondonoAnaAgudelo2\\auth\\domain\\loginValidator.js","statementMap":{"0":{"start":{"line":1,"column":23},"end":{"line":24,"column":1}},"1":{"start":{"line":2,"column":24},"end":{"line":2,"column":28}},"2":{"start":{"line":3,"column":21},"end":{"line":3,"column":23}},"3":{"start":{"line":5,"column":32},"end":{"line":5,"column":40}},"4":{"start":{"line":7,"column":2},"end":{"line":11,"column":3}},"5":{"start":{"line":8,"column":4},"end":{"line":8,"column":28}},"6":{"start":{"line":9,"column":4},"end":{"line":9,"column":49}},"7":{"start":{"line":10,"column":4},"end":{"line":10,"column":45}},"8":{"start":{"line":13,"column":2},"end":{"line":17,"column":3}},"9":{"start":{"line":14,"column":4},"end":{"line":14,"column":28}},"10":{"start":{"line":15,"column":4},"end":{"line":15,"column":50}},"11":{"start":{"line":16,"column":4},"end":{"line":16,"column":45}},"12":{"start":{"line":19,"column":2},"end":{"line":21,"column":3}},"13":{"start":{"line":20,"column":4},"end":{"line":20,"column":45}},"14":{"start":{"line":23,"column":2},"end":{"line":23,"column":73}},"15":{"start":{"line":26,"column":0},"end":{"line":26,"column":36}}},"fnMap":{"0":{"name":"(anonymous_0)","decl":{"start":{"line":1,"column":23},"end":{"line":1,"column":24}},"loc":{"start":{"line":1,"column":37},"end":{"line":24,"column":1}},"line":1}},"branchMap":{"0":{"loc":{"start":{"line":7,"column":2},"end":{"line":11,"column":3}},"type":"if","locations":[{"start":{"line":7,"column":2},"end":{"line":11,"column":3}},{"start":{},"end":{}}],"line":7},"1":{"loc":{"start":{"line":13,"column":2},"end":{"line":17,"column":3}},"type":"if","locations":[{"start":{"line":13,"column":2},"end":{"line":17,"column":3}},{"start":{},"end":{}}],"line":13},"2":{"loc":{"start":{"line":19,"column":2},"end":{"line":21,"column":3}},"type":"if","locations":[{"start":{"line":19,"column":2},"end":{"line":21,"column":3}},{"start":{},"end":{}}],"line":19}},"s":{"0":4,"1":4,"2":4,"3":4,"4":4,"5":2,"6":2,"7":2,"8":2,"9":1,"10":1,"11":1,"12":1,"13":0,"14":1,"15":4},"f":{"0":4},"b":{"0":[2,2],"1":[1,1],"2":[0,1]},"_coverageSchema":"1a1c01bbd47fc00a2c39e90264f33305004495a9","hash":"9c429fd867cc6c6949195e980aeb4c5dd1b9d13a"}
,"C:\\Users\\anais\\Electiva 2\\ElectivaIISebastianLondonoAnaAgudelo2\\auth\\domain\\passwordValidator.js": {"path":"C:\\Users\\anais\\Electiva 2\\ElectivaIISebastianLondonoAnaAgudelo2\\auth\\domain\\passwordValidator.js","statementMap":{"0":{"start":{"line":1,"column":26},"end":{"line":46,"column":1}},"1":{"start":{"line":2,"column":27},"end":{"line":2,"column":31}},"2":{"start":{"line":3,"column":24},"end":{"line":3,"column":26}},"3":{"start":{"line":5,"column":2},"end":{"line":9,"column":3}},"4":{"start":{"line":6,"column":4},"end":{"line":6,"column":31}},"5":{"start":{"line":7,"column":4},"end":{"line":7,"column":53}},"6":{"start":{"line":8,"column":4},"end":{"line":8,"column":51}},"7":{"start":{"line":11,"column":2},"end":{"line":15,"column":3}},"8":{"start":{"line":12,"column":4},"end":{"line":12,"column":31}},"9":{"start":{"line":13,"column":4},"end":{"line":13,"column":77}},"10":{"start":{"line":14,"column":4},"end":{"line":14,"column":51}},"11":{"start":{"line":17,"column":23},"end":{"line":17,"column":45}},"12":{"start":{"line":18,"column":2},"end":{"line":22,"column":3}},"13":{"start":{"line":19,"column":4},"end":{"line":19,"column":31}},"14":{"start":{"line":20,"column":4},"end":{"line":20,"column":84}},"15":{"start":{"line":21,"column":4},"end":{"line":21,"column":51}},"16":{"start":{"line":24,"column":27},"end":{"line":24,"column":61}},"17":{"start":{"line":25,"column":2},"end":{"line":29,"column":3}},"18":{"start":{"line":26,"column":4},"end":{"line":26,"column":31}},"19":{"start":{"line":27,"column":4},"end":{"line":27,"column":100}},"20":{"start":{"line":28,"column":4},"end":{"line":28,"column":51}},"21":{"start":{"line":31,"column":29},"end":{"line":31,"column":51}},"22":{"start":{"line":32,"column":2},"end":{"line":36,"column":3}},"23":{"start":{"line":33,"column":4},"end":{"line":33,"column":31}},"24":{"start":{"line":34,"column":4},"end":{"line":34,"column":107}},"25":{"start":{"line":35,"column":4},"end":{"line":35,"column":51}},"26":{"start":{"line":38,"column":24},"end":{"line":38,"column":46}},"27":{"start":{"line":39,"column":2},"end":{"line":43,"column":3}},"28":{"start":{"line":40,"column":4},"end":{"line":40,"column":31}},"29":{"start":{"line":41,"column":4},"end":{"line":41,"column":63}},"30":{"start":{"line":42,"column":4},"end":{"line":42,"column":51}},"31":{"start":{"line":45,"column":2},"end":{"line":45,"column":49}},"32":{"start":{"line":48,"column":0},"end":{"line":48,"column":39}}},"fnMap":{"0":{"name":"(anonymous_0)","decl":{"start":{"line":1,"column":26},"end":{"line":1,"column":27}},"loc":{"start":{"line":1,"column":40},"end":{"line":46,"column":1}},"line":1}},"branchMap":{"0":{"loc":{"start":{"line":5,"column":2},"end":{"line":9,"column":3}},"type":"if","locations":[{"start":{"line":5,"column":2},"end":{"line":9,"column":3}},{"start":{},"end":{}}],"line":5},"1":{"loc":{"start":{"line":11,"column":2},"end":{"line":15,"column":3}},"type":"if","locations":[{"start":{"line":11,"column":2},"end":{"line":15,"column":3}},{"start":{},"end":{}}],"line":11},"2":{"loc":{"start":{"line":11,"column":6},"end":{"line":11,"column":49}},"type":"binary-expr","locations":[{"start":{"line":11,"column":6},"end":{"line":11,"column":25}},{"start":{"line":11,"column":29},"end":{"line":11,"column":49}}],"line":11},"3":{"loc":{"start":{"line":18,"column":2},"end":{"line":22,"column":3}},"type":"if","locations":[{"start":{"line":18,"column":2},"end":{"line":22,"column":3}},{"start":{},"end":{}}],"line":18},"4":{"loc":{"start":{"line":25,"column":2},"end":{"line":29,"column":3}},"type":"if","locations":[{"start":{"line":25,"column":2},"end":{"line":29,"column":3}},{"start":{},"end":{}}],"line":25},"5":{"loc":{"start":{"line":32,"column":2},"end":{"line":36,"column":3}},"type":"if","locations":[{"start":{"line":32,"column":2},"end":{"line":36,"column":3}},{"start":{},"end":{}}],"line":32},"6":{"loc":{"start":{"line":39,"column":2},"end":{"line":43,"column":3}},"type":"if","locations":[{"start":{"line":39,"column":2},"end":{"line":43,"column":3}},{"start":{},"end":{}}],"line":39}},"s":{"0":7,"1":8,"2":8,"3":8,"4":1,"5":1,"6":1,"7":7,"8":2,"9":2,"10":2,"11":5,"12":5,"13":1,"14":1,"15":1,"16":4,"17":4,"18":1,"19":1,"20":1,"21":3,"22":3,"23":1,"24":1,"25":1,"26":2,"27":2,"28":1,"29":1,"30":1,"31":1,"32":7},"f":{"0":8},"b":{"0":[1,7],"1":[2,5],"2":[7,6],"3":[1,4],"4":[1,3],"5":[1,2],"6":[1,1]},"_coverageSchema":"1a1c01bbd47fc00a2c39e90264f33305004495a9","hash":"309846963f84ca18167a75b300e6e224abfd4c98"}
,"C:\\Users\\anais\\Electiva 2\\ElectivaIISebastianLondonoAnaAgudelo2\\auth\\domain\\registerValidator.js": {"path":"C:\\Users\\anais\\Electiva 2\\ElectivaIISebastianLondonoAnaAgudelo2\\auth\\domain\\registerValidator.js","statementMap":{"0":{"start":{"line":1,"column":26},"end":{"line":65,"column":1}},"1":{"start":{"line":2,"column":27},"end":{"line":2,"column":31}},"2":{"start":{"line":3,"column":24},"end":{"line":3,"column":26}},"3":{"start":{"line":5,"column":46},"end":{"line":5,"column":54}},"4":{"start":{"line":7,"column":2},"end":{"line":11,"column":3}},"5":{"start":{"line":8,"column":4},"end":{"line":8,"column":31}},"6":{"start":{"line":9,"column":4},"end":{"line":9,"column":54}},"7":{"start":{"line":10,"column":4},"end":{"line":10,"column":51}},"8":{"start":{"line":13,"column":2},"end":{"line":17,"column":3}},"9":{"start":{"line":14,"column":4},"end":{"line":14,"column":31}},"10":{"start":{"line":15,"column":4},"end":{"line":15,"column":59}},"11":{"start":{"line":16,"column":4},"end":{"line":16,"column":51}},"12":{"start":{"line":19,"column":2},"end":{"line":23,"column":3}},"13":{"start":{"line":20,"column":4},"end":{"line":20,"column":31}},"14":{"start":{"line":21,"column":4},"end":{"line":21,"column":53}},"15":{"start":{"line":22,"column":4},"end":{"line":22,"column":51}},"16":{"start":{"line":25,"column":2},"end":{"line":29,"column":3}},"17":{"start":{"line":26,"column":4},"end":{"line":26,"column":31}},"18":{"start":{"line":27,"column":4},"end":{"line":27,"column":78}},"19":{"start":{"line":28,"column":4},"end":{"line":28,"column":51}},"20":{"start":{"line":31,"column":2},"end":{"line":35,"column":3}},"21":{"start":{"line":32,"column":4},"end":{"line":32,"column":31}},"22":{"start":{"line":33,"column":4},"end":{"line":33,"column":83}},"23":{"start":{"line":34,"column":4},"end":{"line":34,"column":51}},"24":{"start":{"line":37,"column":2},"end":{"line":41,"column":3}},"25":{"start":{"line":38,"column":4},"end":{"line":38,"column":31}},"26":{"start":{"line":39,"column":4},"end":{"line":39,"column":83}},"27":{"start":{"line":40,"column":4},"end":{"line":40,"column":51}},"28":{"start":{"line":43,"column":34},"end":{"line":43,"column":63}},"29":{"start":{"line":44,"column":2},"end":{"line":48,"column":3}},"30":{"start":{"line":45,"column":4},"end":{"line":45,"column":31}},"31":{"start":{"line":46,"column":4},"end":{"line":46,"column":78}},"32":{"start":{"line":47,"column":4},"end":{"line":47,"column":51}},"33":{"start":{"line":50,"column":34},"end":{"line":50,"column":67}},"34":{"start":{"line":51,"column":2},"end":{"line":55,"column":3}},"35":{"start":{"line":52,"column":4},"end":{"line":52,"column":31}},"36":{"start":{"line":53,"column":4},"end":{"line":53,"column":83}},"37":{"start":{"line":54,"column":4},"end":{"line":54,"column":51}},"38":{"start":{"line":57,"column":29},"end":{"line":57,"column":60}},"39":{"start":{"line":58,"column":2},"end":{"line":62,"column":3}},"40":{"start":{"line":59,"column":4},"end":{"line":59,"column":31}},"41":{"start":{"line":60,"column":4},"end":{"line":60,"column":87}},"42":{"start":{"line":61,"column":4},"end":{"line":61,"column":51}},"43":{"start":{"line":64,"column":2},"end":{"line":64,"column":91}},"44":{"start":{"line":67,"column":0},"end":{"line":67,"column":39}}},"fnMap":{"0":{"name":"(anonymous_0)","decl":{"start":{"line":1,"column":26},"end":{"line":1,"column":27}},"loc":{"start":{"line":1,"column":40},"end":{"line":65,"column":1}},"line":1}},"branchMap":{"0":{"loc":{"start":{"line":7,"column":2},"end":{"line":11,"column":3}},"type":"if","locations":[{"start":{"line":7,"column":2},"end":{"line":11,"column":3}},{"start":{},"end":{}}],"line":7},"1":{"loc":{"start":{"line":13,"column":2},"end":{"line":17,"column":3}},"type":"if","locations":[{"start":{"line":13,"column":2},"end":{"line":17,"column":3}},{"start":{},"end":{}}],"line":13},"2":{"loc":{"start":{"line":19,"column":2},"end":{"line":23,"column":3}},"type":"if","locations":[{"start":{"line":19,"column":2},"end":{"line":23,"column":3}},{"start":{},"end":{}}],"line":19},"3":{"loc":{"start":{"line":25,"column":2},"end":{"line":29,"column":3}},"type":"if","locations":[{"start":{"line":25,"column":2},"end":{"line":29,"column":3}},{"start":{},"end":{}}],"line":25},"4":{"loc":{"start":{"line":25,"column":5},"end":{"line":25,"column":48}},"type":"binary-expr","locations":[{"start":{"line":25,"column":5},"end":{"line":25,"column":24}},{"start":{"line":25,"column":28},"end":{"line":25,"column":48}}],"line":25},"5":{"loc":{"start":{"line":31,"column":2},"end":{"line":35,"column":3}},"type":"if","locations":[{"start":{"line":31,"column":2},"end":{"line":35,"column":3}},{"start":{},"end":{}}],"line":31},"6":{"loc":{"start":{"line":31,"column":5},"end":{"line":31,"column":56}},"type":"binary-expr","locations":[{"start":{"line":31,"column":5},"end":{"line":31,"column":28}},{"start":{"line":31,"column":32},"end":{"line":31,"column":56}}],"line":31},"7":{"loc":{"start":{"line":37,"column":2},"end":{"line":41,"column":3}},"type":"if","locations":[{"start":{"line":37,"column":2},"end":{"line":41,"column":3}},{"start":{},"end":{}}],"line":37},"8":{"loc":{"start":{"line":37,"column":5},"end":{"line":37,"column":46}},"type":"binary-expr","locations":[{"start":{"line":37,"column":5},"end":{"line":37,"column":23}},{"start":{"line":37,"column":27},"end":{"line":37,"column":46}}],"line":37},"9":{"loc":{"start":{"line":44,"column":2},"end":{"line":48,"column":3}},"type":"if","locations":[{"start":{"line":44,"column":2},"end":{"line":48,"column":3}},{"start":{},"end":{}}],"line":44},"10":{"loc":{"start":{"line":51,"column":2},"end":{"line":55,"column":3}},"type":"if","locations":[{"start":{"line":51,"column":2},"end":{"line":55,"column":3}},{"start":{},"end":{}}],"line":51},"11":{"loc":{"start":{"line":58,"column":2},"end":{"line":62,"column":3}},"type":"if","locations":[{"start":{"line":58,"column":2},"end":{"line":62,"column":3}},{"start":{},"end":{}}],"line":58}},"s":{"0":4,"1":11,"2":11,"3":11,"4":11,"5":1,"6":1,"7":1,"8":10,"9":1,"10":1,"11":1,"12":9,"13":1,"14":1,"15":1,"16":8,"17":1,"18":1,"19":1,"20":7,"21":1,"22":1,"23":1,"24":6,"25":2,"26":2,"27":2,"28":4,"29":4,"30":1,"31":1,"32":1,"33":3,"34":3,"35":1,"36":1,"37":1,"38":2,"39":2,"40":1,"41":1,"42":1,"43":1,"44":4},"f":{"0":11},"b":{"0":[1,10],"1":[1,9],"2":[1,8],"3":[1,7],"4":[8,8],"5":[1,6],"6":[7,7],"7":[2,4],"8":[6,5],"9":[1,3],"10":[1,2],"11":[1,1]},"_coverageSchema":"1a1c01bbd47fc00a2c39e90264f33305004495a9","hash":"d666df9ffbf97f465dbcd35414a2367b37446262"}
,"C:\\Users\\anais\\Electiva 2\\ElectivaIISebastianLondonoAnaAgudelo2\\auth\\domain\\userTagValidator.js": {"path":"C:\\Users\\anais\\Electiva 2\\ElectivaIISebastianLondonoAnaAgudelo2\\auth\\domain\\userTagValidator.js","statementMap":{"0":{"start":{"line":1,"column":25},"end":{"line":26,"column":1}},"1":{"start":{"line":2,"column":26},"end":{"line":2,"column":30}},"2":{"start":{"line":3,"column":23},"end":{"line":3,"column":25}},"3":{"start":{"line":5,"column":2},"end":{"line":9,"column":3}},"4":{"start":{"line":6,"column":4},"end":{"line":6,"column":30}},"5":{"start":{"line":7,"column":4},"end":{"line":7,"column":51}},"6":{"start":{"line":8,"column":4},"end":{"line":8,"column":49}},"7":{"start":{"line":11,"column":2},"end":{"line":15,"column":3}},"8":{"start":{"line":12,"column":4},"end":{"line":12,"column":30}},"9":{"start":{"line":13,"column":4},"end":{"line":13,"column":67}},"10":{"start":{"line":14,"column":4},"end":{"line":14,"column":49}},"11":{"start":{"line":17,"column":28},"end":{"line":17,"column":60}},"12":{"start":{"line":18,"column":2},"end":{"line":23,"column":3}},"13":{"start":{"line":19,"column":4},"end":{"line":19,"column":30}},"14":{"start":{"line":20,"column":4},"end":{"line":21,"column":88}},"15":{"start":{"line":22,"column":4},"end":{"line":22,"column":49}},"16":{"start":{"line":25,"column":2},"end":{"line":25,"column":74}},"17":{"start":{"line":28,"column":0},"end":{"line":28,"column":38}}},"fnMap":{"0":{"name":"(anonymous_0)","decl":{"start":{"line":1,"column":25},"end":{"line":1,"column":26}},"loc":{"start":{"line":1,"column":38},"end":{"line":26,"column":1}},"line":1}},"branchMap":{"0":{"loc":{"start":{"line":5,"column":2},"end":{"line":9,"column":3}},"type":"if","locations":[{"start":{"line":5,"column":2},"end":{"line":9,"column":3}},{"start":{},"end":{}}],"line":5},"1":{"loc":{"start":{"line":11,"column":2},"end":{"line":15,"column":3}},"type":"if","locations":[{"start":{"line":11,"column":2},"end":{"line":15,"column":3}},{"start":{},"end":{}}],"line":11},"2":{"loc":{"start":{"line":18,"column":2},"end":{"line":23,"column":3}},"type":"if","locations":[{"start":{"line":18,"column":2},"end":{"line":23,"column":3}},{"start":{},"end":{}}],"line":18}},"s":{"0":4,"1":7,"2":7,"3":7,"4":1,"5":1,"6":1,"7":6,"8":1,"9":1,"10":1,"11":5,"12":5,"13":3,"14":3,"15":3,"16":2,"17":4},"f":{"0":7},"b":{"0":[1,6],"1":[1,5],"2":[3,2]},"_coverageSchema":"1a1c01bbd47fc00a2c39e90264f33305004495a9","hash":"12dab150219ded04e34eef5c916b43e2bdaf08a0"}
,"C:\\Users\\anais\\Electiva 2\\ElectivaIISebastianLondonoAnaAgudelo2\\auth\\infraestructure\\authController.js": {"path":"C:\\Users\\anais\\Electiva 2\\ElectivaIISebastianLondonoAnaAgudelo2\\auth\\infraestructure\\authController.js","statementMap":{"0":{"start":{"line":1,"column":21},"end":{"line":1,"column":58}},"1":{"start":{"line":2,"column":18},"end":{"line":2,"column":52}},"2":{"start":{"line":4,"column":25},"end":{"line":21,"column":1}},"3":{"start":{"line":5,"column":63},"end":{"line":5,"column":75}},"4":{"start":{"line":7,"column":19},"end":{"line":7,"column":71}},"5":{"start":{"line":9,"column":2},"end":{"line":20,"column":3}},"6":{"start":{"line":10,"column":19},"end":{"line":10,"column":47}},"7":{"start":{"line":11,"column":4},"end":{"line":13,"column":5}},"8":{"start":{"line":12,"column":6},"end":{"line":12,"column":47}},"9":{"start":{"line":15,"column":4},"end":{"line":15,"column":45}},"10":{"start":{"line":17,"column":4},"end":{"line":19,"column":7}},"11":{"start":{"line":23,"column":22},"end":{"line":45,"column":1}},"12":{"start":{"line":24,"column":32},"end":{"line":24,"column":40}},"13":{"start":{"line":26,"column":2},"end":{"line":44,"column":3}},"14":{"start":{"line":27,"column":19},"end":{"line":27,"column":57}},"15":{"start":{"line":29,"column":4},"end":{"line":31,"column":5}},"16":{"start":{"line":30,"column":6},"end":{"line":30,"column":42}},"17":{"start":{"line":33,"column":4},"end":{"line":33,"column":35}},"18":{"start":{"line":35,"column":4},"end":{"line":38,"column":7}},"19":{"start":{"line":41,"column":4},"end":{"line":43,"column":7}},"20":{"start":{"line":48,"column":23},"end":{"line":56,"column":1}},"21":{"start":{"line":50,"column":2},"end":{"line":55,"column":5}},"22":{"start":{"line":51,"column":4},"end":{"line":53,"column":5}},"23":{"start":{"line":52,"column":6},"end":{"line":52,"column":82}},"24":{"start":{"line":54,"column":4},"end":{"line":54,"column":66}},"25":{"start":{"line":58,"column":0},"end":{"line":58,"column":69}}},"fnMap":{"0":{"name":"(anonymous_0)","decl":{"start":{"line":4,"column":25},"end":{"line":4,"column":26}},"loc":{"start":{"line":4,"column":54},"end":{"line":21,"column":1}},"line":4},"1":{"name":"(anonymous_1)","decl":{"start":{"line":23,"column":22},"end":{"line":23,"column":23}},"loc":{"start":{"line":23,"column":42},"end":{"line":45,"column":1}},"line":23},"2":{"name":"(anonymous_2)","decl":{"start":{"line":48,"column":23},"end":{"line":48,"column":24}},"loc":{"start":{"line":48,"column":43},"end":{"line":56,"column":1}},"line":48},"3":{"name":"(anonymous_3)","decl":{"start":{"line":50,"column":22},"end":{"line":50,"column":23}},"loc":{"start":{"line":50,"column":29},"end":{"line":55,"column":3}},"line":50}},"branchMap":{"0":{"loc":{"start":{"line":11,"column":4},"end":{"line":13,"column":5}},"type":"if","locations":[{"start":{"line":11,"column":4},"end":{"line":13,"column":5}},{"start":{},"end":{}}],"line":11},"1":{"loc":{"start":{"line":29,"column":4},"end":{"line":31,"column":5}},"type":"if","locations":[{"start":{"line":29,"column":4},"end":{"line":31,"column":5}},{"start":{},"end":{}}],"line":29},"2":{"loc":{"start":{"line":51,"column":4},"end":{"line":53,"column":5}},"type":"if","locations":[{"start":{"line":51,"column":4},"end":{"line":53,"column":5}},{"start":{},"end":{}}],"line":51}},"s":{"0":1,"1":1,"2":1,"3":3,"4":3,"5":3,"6":3,"7":2,"8":1,"9":1,"10":1,"11":1,"12":3,"13":3,"14":3,"15":2,"16":1,"17":1,"18":0,"19":2,"20":1,"21":2,"22":2,"23":1,"24":1,"25":1},"f":{"0":3,"1":3,"2":2,"3":2},"b":{"0":[1,1],"1":[1,1],"2":[1,1]},"_coverageSchema":"1a1c01bbd47fc00a2c39e90264f33305004495a9","hash":"9255601f5068f82a7922086ab8e649821bc32692"}
,"C:\\Users\\anais\\Electiva 2\\ElectivaIISebastianLondonoAnaAgudelo2\\users\\domain\\userModel.js": {"path":"C:\\Users\\anais\\Electiva 2\\ElectivaIISebastianLondonoAnaAgudelo2\\users\\domain\\userModel.js","statementMap":{"0":{"start":{"line":1,"column":17},"end":{"line":1,"column":36}},"1":{"start":{"line":3,"column":19},"end":{"line":13,"column":2}},"2":{"start":{"line":15,"column":13},"end":{"line":15,"column":47}},"3":{"start":{"line":17,"column":0},"end":{"line":17,"column":22}}},"fnMap":{},"branchMap":{},"s":{"0":4,"1":4,"2":4,"3":4},"f":{},"b":{},"_coverageSchema":"1a1c01bbd47fc00a2c39e90264f33305004495a9","hash":"b455f80b981e6e896ed379e9f8a38f16d134cd29"}
}
