{"C:\\Users\\sebas\\Desktop\\FinalProyectX\\social\\aplication\\checkFollowing.js": {"path":"C:\\Users\\sebas\\Desktop\\FinalProyectX\\social\\aplication\\checkFollowing.js","statementMap":{"0":{"start":{"line":1,"column":23},"end":{"line":1,"column":55}},"1":{"start":{"line":3,"column":32},"end":{"line":14,"column":1}},"2":{"start":{"line":4,"column":2},"end":{"line":13,"column":3}},"3":{"start":{"line":5,"column":22},"end":{"line":8,"column":6}},"4":{"start":{"line":10,"column":4},"end":{"line":10,"column":30}},"5":{"start":{"line":12,"column":4},"end":{"line":12,"column":72}},"6":{"start":{"line":16,"column":0},"end":{"line":16,"column":45}}},"fnMap":{"0":{"name":"(anonymous_0)","decl":{"start":{"line":3,"column":32},"end":{"line":3,"column":33}},"loc":{"start":{"line":3,"column":68},"end":{"line":14,"column":1}},"line":3}},"branchMap":{},"s":{"0":2,"1":2,"2":0,"3":0,"4":0,"5":0,"6":2},"f":{"0":0},"b":{},"_coverageSchema":"1a1c01bbd47fc00a2c39e90264f33305004495a9","hash":"e52b3ad746781aedefbc2f9b5de59564fffd5d1f"}
,"C:\\Users\\sebas\\Desktop\\FinalProyectX\\social\\aplication\\followUser.js": {"path":"C:\\Users\\sebas\\Desktop\\FinalProyectX\\social\\aplication\\followUser.js","statementMap":{"0":{"start":{"line":1,"column":21},"end":{"line":1,"column":72}},"1":{"start":{"line":2,"column":34},"end":{"line":2,"column":66}},"2":{"start":{"line":3,"column":28},"end":{"line":3,"column":64}},"3":{"start":{"line":4,"column":36},"end":{"line":4,"column":63}},"4":{"start":{"line":6,"column":19},"end":{"line":47,"column":1}},"5":{"start":{"line":7,"column":35},"end":{"line":7,"column":76}},"6":{"start":{"line":9,"column":2},"end":{"line":11,"column":3}},"7":{"start":{"line":10,"column":4},"end":{"line":10,"column":40}},"8":{"start":{"line":13,"column":2},"end":{"line":46,"column":3}},"9":{"start":{"line":14,"column":54},"end":{"line":14,"column":77}},"10":{"start":{"line":15,"column":4},"end":{"line":17,"column":5}},"11":{"start":{"line":16,"column":6},"end":{"line":16,"column":50}},"12":{"start":{"line":19,"column":76},"end":{"line":19,"column":107}},"13":{"start":{"line":20,"column":4},"end":{"line":22,"column":5}},"14":{"start":{"line":21,"column":6},"end":{"line":21,"column":58}},"15":{"start":{"line":24,"column":31},"end":{"line":24,"column":86}},"16":{"start":{"line":26,"column":4},"end":{"line":28,"column":5}},"17":{"start":{"line":27,"column":6},"end":{"line":27,"column":86}},"18":{"start":{"line":30,"column":25},"end":{"line":30,"column":83}},"19":{"start":{"line":31,"column":24},"end":{"line":31,"column":89}},"20":{"start":{"line":33,"column":4},"end":{"line":33,"column":30}},"21":{"start":{"line":34,"column":4},"end":{"line":34,"column":29}},"22":{"start":{"line":36,"column":4},"end":{"line":36,"column":43}},"23":{"start":{"line":37,"column":4},"end":{"line":37,"column":49}},"24":{"start":{"line":39,"column":4},"end":{"line":39,"column":22}},"25":{"start":{"line":40,"column":4},"end":{"line":40,"column":30}},"26":{"start":{"line":42,"column":4},"end":{"line":42,"column":78}},"27":{"start":{"line":45,"column":4},"end":{"line":45,"column":73}},"28":{"start":{"line":49,"column":0},"end":{"line":51,"column":2}}},"fnMap":{"0":{"name":"(anonymous_0)","decl":{"start":{"line":6,"column":19},"end":{"line":6,"column":20}},"loc":{"start":{"line":6,"column":55},"end":{"line":47,"column":1}},"line":6}},"branchMap":{"0":{"loc":{"start":{"line":9,"column":2},"end":{"line":11,"column":3}},"type":"if","locations":[{"start":{"line":9,"column":2},"end":{"line":11,"column":3}},{"start":{},"end":{}}],"line":9},"1":{"loc":{"start":{"line":15,"column":4},"end":{"line":17,"column":5}},"type":"if","locations":[{"start":{"line":15,"column":4},"end":{"line":17,"column":5}},{"start":{},"end":{}}],"line":15},"2":{"loc":{"start":{"line":20,"column":4},"end":{"line":22,"column":5}},"type":"if","locations":[{"start":{"line":20,"column":4},"end":{"line":22,"column":5}},{"start":{},"end":{}}],"line":20},"3":{"loc":{"start":{"line":26,"column":4},"end":{"line":28,"column":5}},"type":"if","locations":[{"start":{"line":26,"column":4},"end":{"line":28,"column":5}},{"start":{},"end":{}}],"line":26}},"s":{"0":1,"1":1,"2":1,"3":1,"4":1,"5":0,"6":0,"7":0,"8":0,"9":0,"10":0,"11":0,"12":0,"13":0,"14":0,"15":0,"16":0,"17":0,"18":0,"19":0,"20":0,"21":0,"22":0,"23":0,"24":0,"25":0,"26":0,"27":0,"28":1},"f":{"0":0},"b":{"0":[0,0],"1":[0,0],"2":[0,0],"3":[0,0]},"_coverageSchema":"1a1c01bbd47fc00a2c39e90264f33305004495a9","hash":"254f94ecda518141a87a449550558083db95f1ee"}
,"C:\\Users\\sebas\\Desktop\\FinalProyectX\\social\\aplication\\unFollowUser.js": {"path":"C:\\Users\\sebas\\Desktop\\FinalProyectX\\social\\aplication\\unFollowUser.js","statementMap":{"0":{"start":{"line":1,"column":17},"end":{"line":1,"column":68}},"1":{"start":{"line":2,"column":34},"end":{"line":2,"column":66}},"2":{"start":{"line":3,"column":28},"end":{"line":3,"column":64}},"3":{"start":{"line":4,"column":36},"end":{"line":4,"column":63}},"4":{"start":{"line":6,"column":21},"end":{"line":49,"column":1}},"5":{"start":{"line":7,"column":35},"end":{"line":7,"column":78}},"6":{"start":{"line":8,"column":2},"end":{"line":10,"column":3}},"7":{"start":{"line":9,"column":4},"end":{"line":9,"column":40}},"8":{"start":{"line":12,"column":2},"end":{"line":48,"column":3}},"9":{"start":{"line":13,"column":54},"end":{"line":13,"column":77}},"10":{"start":{"line":14,"column":4},"end":{"line":16,"column":5}},"11":{"start":{"line":15,"column":6},"end":{"line":15,"column":50}},"12":{"start":{"line":18,"column":80},"end":{"line":18,"column":113}},"13":{"start":{"line":19,"column":4},"end":{"line":21,"column":5}},"14":{"start":{"line":20,"column":6},"end":{"line":20,"column":60}},"15":{"start":{"line":23,"column":31},"end":{"line":23,"column":88}},"16":{"start":{"line":24,"column":4},"end":{"line":26,"column":5}},"17":{"start":{"line":25,"column":6},"end":{"line":25,"column":88}},"18":{"start":{"line":28,"column":4},"end":{"line":31,"column":7}},"19":{"start":{"line":33,"column":4},"end":{"line":36,"column":7}},"20":{"start":{"line":38,"column":4},"end":{"line":38,"column":101}},"21":{"start":{"line":38,"column":58},"end":{"line":38,"column":99}},"22":{"start":{"line":39,"column":4},"end":{"line":39,"column":107}},"23":{"start":{"line":39,"column":75},"end":{"line":39,"column":105}},"24":{"start":{"line":41,"column":4},"end":{"line":41,"column":22}},"25":{"start":{"line":42,"column":4},"end":{"line":42,"column":32}},"26":{"start":{"line":44,"column":4},"end":{"line":44,"column":79}},"27":{"start":{"line":47,"column":4},"end":{"line":47,"column":75}},"28":{"start":{"line":51,"column":0},"end":{"line":53,"column":2}}},"fnMap":{"0":{"name":"(anonymous_0)","decl":{"start":{"line":6,"column":21},"end":{"line":6,"column":22}},"loc":{"start":{"line":6,"column":59},"end":{"line":49,"column":1}},"line":6},"1":{"name":"(anonymous_1)","decl":{"start":{"line":38,"column":45},"end":{"line":38,"column":46}},"loc":{"start":{"line":38,"column":58},"end":{"line":38,"column":99}},"line":38},"2":{"name":"(anonymous_2)","decl":{"start":{"line":39,"column":63},"end":{"line":39,"column":64}},"loc":{"start":{"line":39,"column":75},"end":{"line":39,"column":105}},"line":39}},"branchMap":{"0":{"loc":{"start":{"line":8,"column":2},"end":{"line":10,"column":3}},"type":"if","locations":[{"start":{"line":8,"column":2},"end":{"line":10,"column":3}},{"start":{},"end":{}}],"line":8},"1":{"loc":{"start":{"line":14,"column":4},"end":{"line":16,"column":5}},"type":"if","locations":[{"start":{"line":14,"column":4},"end":{"line":16,"column":5}},{"start":{},"end":{}}],"line":14},"2":{"loc":{"start":{"line":19,"column":4},"end":{"line":21,"column":5}},"type":"if","locations":[{"start":{"line":19,"column":4},"end":{"line":21,"column":5}},{"start":{},"end":{}}],"line":19},"3":{"loc":{"start":{"line":24,"column":4},"end":{"line":26,"column":5}},"type":"if","locations":[{"start":{"line":24,"column":4},"end":{"line":26,"column":5}},{"start":{},"end":{}}],"line":24}},"s":{"0":1,"1":1,"2":1,"3":1,"4":1,"5":0,"6":0,"7":0,"8":0,"9":0,"10":0,"11":0,"12":0,"13":0,"14":0,"15":0,"16":0,"17":0,"18":0,"19":0,"20":0,"21":0,"22":0,"23":0,"24":0,"25":0,"26":0,"27":0,"28":1},"f":{"0":0,"1":0,"2":0},"b":{"0":[0,0],"1":[0,0],"2":[0,0],"3":[0,0]},"_coverageSchema":"1a1c01bbd47fc00a2c39e90264f33305004495a9","hash":"6e23acc61024f2d661690d49f7c56ac4caa449f7"}
,"C:\\Users\\sebas\\Desktop\\FinalProyectX\\social\\domain\\socialModel.js": {"path":"C:\\Users\\sebas\\Desktop\\FinalProyectX\\social\\domain\\socialModel.js","statementMap":{"0":{"start":{"line":1,"column":17},"end":{"line":1,"column":36}},"1":{"start":{"line":3,"column":23},"end":{"line":6,"column":2}},"2":{"start":{"line":8,"column":24},"end":{"line":11,"column":2}},"3":{"start":{"line":13,"column":18},"end":{"line":13,"column":61}},"4":{"start":{"line":14,"column":19},"end":{"line":14,"column":64}},"5":{"start":{"line":16,"column":0},"end":{"line":19,"column":2}}},"fnMap":{},"branchMap":{},"s":{"0":11,"1":11,"2":11,"3":11,"4":11,"5":11},"f":{},"b":{},"_coverageSchema":"1a1c01bbd47fc00a2c39e90264f33305004495a9","hash":"be3445315488ffd0235d31361dfc0524a6438ff3"}
,"C:\\Users\\sebas\\Desktop\\FinalProyectX\\social\\domain\\socialValidator.js": {"path":"C:\\Users\\sebas\\Desktop\\FinalProyectX\\social\\domain\\socialValidator.js","statementMap":{"0":{"start":{"line":1,"column":24},"end":{"line":20,"column":1}},"1":{"start":{"line":3,"column":21},"end":{"line":3,"column":25}},"2":{"start":{"line":4,"column":17},"end":{"line":4,"column":19}},"3":{"start":{"line":6,"column":2},"end":{"line":10,"column":3}},"4":{"start":{"line":7,"column":4},"end":{"line":7,"column":23}},"5":{"start":{"line":8,"column":4},"end":{"line":8,"column":37}},"6":{"start":{"line":9,"column":4},"end":{"line":9,"column":36}},"7":{"start":{"line":12,"column":2},"end":{"line":16,"column":3}},"8":{"start":{"line":13,"column":4},"end":{"line":13,"column":23}},"9":{"start":{"line":14,"column":4},"end":{"line":14,"column":47}},"10":{"start":{"line":15,"column":4},"end":{"line":15,"column":36}},"11":{"start":{"line":18,"column":2},"end":{"line":18,"column":32}},"12":{"start":{"line":22,"column":0},"end":{"line":24,"column":1}}},"fnMap":{"0":{"name":"(anonymous_0)","decl":{"start":{"line":1,"column":24},"end":{"line":1,"column":25}},"loc":{"start":{"line":1,"column":54},"end":{"line":20,"column":1}},"line":1}},"branchMap":{"0":{"loc":{"start":{"line":6,"column":2},"end":{"line":10,"column":3}},"type":"if","locations":[{"start":{"line":6,"column":2},"end":{"line":10,"column":3}},{"start":{},"end":{}}],"line":6},"1":{"loc":{"start":{"line":12,"column":2},"end":{"line":16,"column":3}},"type":"if","locations":[{"start":{"line":12,"column":2},"end":{"line":16,"column":3}},{"start":{},"end":{}}],"line":12}},"s":{"0":2,"1":0,"2":0,"3":0,"4":0,"5":0,"6":0,"7":0,"8":0,"9":0,"10":0,"11":0,"12":2},"f":{"0":0},"b":{"0":[0,0],"1":[0,0]},"_coverageSchema":"1a1c01bbd47fc00a2c39e90264f33305004495a9","hash":"a18dbd1c027f81f710e8b09182b998ef11334414"}
,"C:\\Users\\sebas\\Desktop\\FinalProyectX\\social\\infraestructure\\socialController.js": {"path":"C:\\Users\\sebas\\Desktop\\FinalProyectX\\social\\infraestructure\\socialController.js","statementMap":{"0":{"start":{"line":1,"column":23},"end":{"line":1,"column":58}},"1":{"start":{"line":2,"column":25},"end":{"line":2,"column":62}},"2":{"start":{"line":4,"column":20},"end":{"line":18,"column":1}},"3":{"start":{"line":5,"column":39},"end":{"line":5,"column":51}},"4":{"start":{"line":7,"column":2},"end":{"line":17,"column":3}},"5":{"start":{"line":8,"column":19},"end":{"line":8,"column":61}},"6":{"start":{"line":10,"column":4},"end":{"line":12,"column":5}},"7":{"start":{"line":11,"column":6},"end":{"line":11,"column":47}},"8":{"start":{"line":14,"column":4},"end":{"line":14,"column":45}},"9":{"start":{"line":16,"column":4},"end":{"line":16,"column":102}},"10":{"start":{"line":20,"column":22},"end":{"line":34,"column":1}},"11":{"start":{"line":21,"column":41},"end":{"line":21,"column":53}},"12":{"start":{"line":23,"column":2},"end":{"line":33,"column":3}},"13":{"start":{"line":24,"column":19},"end":{"line":24,"column":65}},"14":{"start":{"line":26,"column":4},"end":{"line":28,"column":5}},"15":{"start":{"line":27,"column":6},"end":{"line":27,"column":47}},"16":{"start":{"line":30,"column":4},"end":{"line":30,"column":45}},"17":{"start":{"line":32,"column":4},"end":{"line":32,"column":102}},"18":{"start":{"line":36,"column":0},"end":{"line":39,"column":1}}},"fnMap":{"0":{"name":"(anonymous_0)","decl":{"start":{"line":4,"column":20},"end":{"line":4,"column":21}},"loc":{"start":{"line":4,"column":49},"end":{"line":18,"column":1}},"line":4},"1":{"name":"(anonymous_1)","decl":{"start":{"line":20,"column":22},"end":{"line":20,"column":23}},"loc":{"start":{"line":20,"column":51},"end":{"line":34,"column":1}},"line":20}},"branchMap":{"0":{"loc":{"start":{"line":10,"column":4},"end":{"line":12,"column":5}},"type":"if","locations":[{"start":{"line":10,"column":4},"end":{"line":12,"column":5}},{"start":{},"end":{}}],"line":10},"1":{"loc":{"start":{"line":26,"column":4},"end":{"line":28,"column":5}},"type":"if","locations":[{"start":{"line":26,"column":4},"end":{"line":28,"column":5}},{"start":{},"end":{}}],"line":26}},"s":{"0":1,"1":1,"2":1,"3":3,"4":3,"5":3,"6":2,"7":1,"8":1,"9":1,"10":1,"11":0,"12":0,"13":0,"14":0,"15":0,"16":0,"17":0,"18":1},"f":{"0":3,"1":0},"b":{"0":[1,1],"1":[0,0]},"_coverageSchema":"1a1c01bbd47fc00a2c39e90264f33305004495a9","hash":"c9494351e6b600ba7fef2a2ab09866a521929176"}
,"C:\\Users\\sebas\\Desktop\\FinalProyectX\\tweets\\aplication\\listTweetsByID.js": {"path":"C:\\Users\\sebas\\Desktop\\FinalProyectX\\tweets\\aplication\\listTweetsByID.js","statementMap":{"0":{"start":{"line":1,"column":21},"end":{"line":1,"column":72}},"1":{"start":{"line":2,"column":14},"end":{"line":2,"column":46}},"2":{"start":{"line":4,"column":23},"end":{"line":24,"column":1}},"3":{"start":{"line":6,"column":2},"end":{"line":8,"column":3}},"4":{"start":{"line":7,"column":4},"end":{"line":7,"column":53}},"5":{"start":{"line":10,"column":2},"end":{"line":23,"column":3}},"6":{"start":{"line":12,"column":34},"end":{"line":12,"column":57}},"7":{"start":{"line":14,"column":4},"end":{"line":16,"column":5}},"8":{"start":{"line":15,"column":6},"end":{"line":15,"column":47}},"9":{"start":{"line":18,"column":19},"end":{"line":18,"column":66}},"10":{"start":{"line":20,"column":4},"end":{"line":20,"column":64}},"11":{"start":{"line":22,"column":4},"end":{"line":22,"column":73}},"12":{"start":{"line":26,"column":0},"end":{"line":28,"column":2}}},"fnMap":{"0":{"name":"(anonymous_0)","decl":{"start":{"line":4,"column":23},"end":{"line":4,"column":24}},"loc":{"start":{"line":4,"column":42},"end":{"line":24,"column":1}},"line":4}},"branchMap":{"0":{"loc":{"start":{"line":6,"column":2},"end":{"line":8,"column":3}},"type":"if","locations":[{"start":{"line":6,"column":2},"end":{"line":8,"column":3}},{"start":{},"end":{}}],"line":6},"1":{"loc":{"start":{"line":14,"column":4},"end":{"line":16,"column":5}},"type":"if","locations":[{"start":{"line":14,"column":4},"end":{"line":16,"column":5}},{"start":{},"end":{}}],"line":14}},"s":{"0":5,"1":5,"2":5,"3":4,"4":1,"5":3,"6":3,"7":3,"8":1,"9":2,"10":1,"11":1,"12":5},"f":{"0":4},"b":{"0":[1,3],"1":[1,2]},"_coverageSchema":"1a1c01bbd47fc00a2c39e90264f33305004495a9","hash":"7b5993afcb9da31eb0fa0659812cac001c6a1f74"}
,"C:\\Users\\sebas\\Desktop\\FinalProyectX\\tweets\\aplication\\listTweetsInFeed.js": {"path":"C:\\Users\\sebas\\Desktop\\FinalProyectX\\tweets\\aplication\\listTweetsInFeed.js","statementMap":{"0":{"start":{"line":1,"column":26},"end":{"line":1,"column":77}},"1":{"start":{"line":2,"column":14},"end":{"line":2,"column":46}},"2":{"start":{"line":3,"column":27},"end":{"line":3,"column":54}},"3":{"start":{"line":5,"column":25},"end":{"line":44,"column":1}},"4":{"start":{"line":6,"column":21},"end":{"line":6,"column":23}},"5":{"start":{"line":8,"column":2},"end":{"line":11,"column":3}},"6":{"start":{"line":9,"column":4},"end":{"line":9,"column":66}},"7":{"start":{"line":10,"column":4},"end":{"line":10,"column":85}},"8":{"start":{"line":13,"column":2},"end":{"line":43,"column":3}},"9":{"start":{"line":14,"column":27},"end":{"line":14,"column":56}},"10":{"start":{"line":15,"column":27},"end":{"line":15,"column":29}},"11":{"start":{"line":17,"column":4},"end":{"line":19,"column":5}},"12":{"start":{"line":18,"column":6},"end":{"line":18,"column":65}},"13":{"start":{"line":21,"column":23},"end":{"line":21,"column":51}},"14":{"start":{"line":23,"column":4},"end":{"line":35,"column":5}},"15":{"start":{"line":24,"column":6},"end":{"line":24,"column":58}},"16":{"start":{"line":26,"column":6},"end":{"line":34,"column":7}},"17":{"start":{"line":27,"column":23},"end":{"line":27,"column":48}},"18":{"start":{"line":29,"column":8},"end":{"line":31,"column":9}},"19":{"start":{"line":30,"column":10},"end":{"line":30,"column":58}},"20":{"start":{"line":33,"column":8},"end":{"line":33,"column":48}},"21":{"start":{"line":37,"column":4},"end":{"line":37,"column":69}},"22":{"start":{"line":38,"column":4},"end":{"line":38,"column":87}},"23":{"start":{"line":38,"column":32},"end":{"line":38,"column":85}},"24":{"start":{"line":40,"column":4},"end":{"line":40,"column":70}},"25":{"start":{"line":42,"column":4},"end":{"line":42,"column":65}},"26":{"start":{"line":46,"column":0},"end":{"line":48,"column":2}}},"fnMap":{"0":{"name":"(anonymous_0)","decl":{"start":{"line":5,"column":25},"end":{"line":5,"column":26}},"loc":{"start":{"line":5,"column":44},"end":{"line":44,"column":1}},"line":5},"1":{"name":"(anonymous_1)","decl":{"start":{"line":38,"column":22},"end":{"line":38,"column":23}},"loc":{"start":{"line":38,"column":32},"end":{"line":38,"column":85}},"line":38}},"branchMap":{"0":{"loc":{"start":{"line":8,"column":2},"end":{"line":11,"column":3}},"type":"if","locations":[{"start":{"line":8,"column":2},"end":{"line":11,"column":3}},{"start":{},"end":{}}],"line":8},"1":{"loc":{"start":{"line":17,"column":4},"end":{"line":19,"column":5}},"type":"if","locations":[{"start":{"line":17,"column":4},"end":{"line":19,"column":5}},{"start":{},"end":{}}],"line":17},"2":{"loc":{"start":{"line":23,"column":4},"end":{"line":35,"column":5}},"type":"if","locations":[{"start":{"line":23,"column":4},"end":{"line":35,"column":5}},{"start":{"line":25,"column":11},"end":{"line":35,"column":5}}],"line":23},"3":{"loc":{"start":{"line":29,"column":8},"end":{"line":31,"column":9}},"type":"if","locations":[{"start":{"line":29,"column":8},"end":{"line":31,"column":9}},{"start":{},"end":{}}],"line":29}},"s":{"0":4,"1":4,"2":4,"3":4,"4":5,"5":5,"6":1,"7":1,"8":4,"9":4,"10":3,"11":3,"12":1,"13":2,"14":2,"15":1,"16":1,"17":2,"18":2,"19":0,"20":2,"21":1,"22":1,"23":8,"24":1,"25":1,"26":4},"f":{"0":5,"1":8},"b":{"0":[1,4],"1":[1,2],"2":[1,1],"3":[0,2]},"_coverageSchema":"1a1c01bbd47fc00a2c39e90264f33305004495a9","hash":"c0507ffee30ce58eebe7a0338877c9b886dec56f"}
,"C:\\Users\\sebas\\Desktop\\FinalProyectX\\tweets\\aplication\\newTweet.js": {"path":"C:\\Users\\sebas\\Desktop\\FinalProyectX\\tweets\\aplication\\newTweet.js","statementMap":{"0":{"start":{"line":1,"column":19},"end":{"line":1,"column":70}},"1":{"start":{"line":2,"column":14},"end":{"line":2,"column":46}},"2":{"start":{"line":3,"column":37},"end":{"line":3,"column":74}},"3":{"start":{"line":5,"column":18},"end":{"line":36,"column":1}},"4":{"start":{"line":6,"column":41},"end":{"line":6,"column":50}},"5":{"start":{"line":8,"column":34},"end":{"line":8,"column":67}},"6":{"start":{"line":10,"column":2},"end":{"line":12,"column":3}},"7":{"start":{"line":11,"column":4},"end":{"line":11,"column":39}},"8":{"start":{"line":14,"column":2},"end":{"line":35,"column":3}},"9":{"start":{"line":15,"column":34},"end":{"line":15,"column":57}},"10":{"start":{"line":17,"column":4},"end":{"line":19,"column":5}},"11":{"start":{"line":18,"column":6},"end":{"line":18,"column":47}},"12":{"start":{"line":21,"column":21},"end":{"line":25,"column":6}},"13":{"start":{"line":27,"column":4},"end":{"line":27,"column":26}},"14":{"start":{"line":29,"column":4},"end":{"line":29,"column":35}},"15":{"start":{"line":30,"column":4},"end":{"line":30,"column":22}},"16":{"start":{"line":32,"column":4},"end":{"line":32,"column":78}},"17":{"start":{"line":34,"column":4},"end":{"line":34,"column":83}},"18":{"start":{"line":38,"column":0},"end":{"line":40,"column":2}}},"fnMap":{"0":{"name":"(anonymous_0)","decl":{"start":{"line":5,"column":18},"end":{"line":5,"column":19}},"loc":{"start":{"line":5,"column":39},"end":{"line":36,"column":1}},"line":5}},"branchMap":{"0":{"loc":{"start":{"line":10,"column":2},"end":{"line":12,"column":3}},"type":"if","locations":[{"start":{"line":10,"column":2},"end":{"line":12,"column":3}},{"start":{},"end":{}}],"line":10},"1":{"loc":{"start":{"line":17,"column":4},"end":{"line":19,"column":5}},"type":"if","locations":[{"start":{"line":17,"column":4},"end":{"line":19,"column":5}},{"start":{},"end":{}}],"line":17}},"s":{"0":4,"1":4,"2":4,"3":4,"4":4,"5":4,"6":4,"7":1,"8":3,"9":3,"10":3,"11":1,"12":2,"13":1,"14":1,"15":1,"16":1,"17":1,"18":4},"f":{"0":4},"b":{"0":[1,3],"1":[1,2]},"_coverageSchema":"1a1c01bbd47fc00a2c39e90264f33305004495a9","hash":"16929ffc3726403a153e8044ac2565ae47648684"}
,"C:\\Users\\sebas\\Desktop\\FinalProyectX\\tweets\\domain\\tweetsModel.js": {"path":"C:\\Users\\sebas\\Desktop\\FinalProyectX\\tweets\\domain\\tweetsModel.js","statementMap":{"0":{"start":{"line":1,"column":17},"end":{"line":1,"column":36}},"1":{"start":{"line":3,"column":20},"end":{"line":9,"column":2}},"2":{"start":{"line":11,"column":14},"end":{"line":11,"column":50}},"3":{"start":{"line":13,"column":0},"end":{"line":13,"column":23}}},"fnMap":{},"branchMap":{},"s":{"0":10,"1":10,"2":10,"3":10},"f":{},"b":{},"_coverageSchema":"1a1c01bbd47fc00a2c39e90264f33305004495a9","hash":"be82a2e296e0406dff27baef1dcae8d069d35830"}
,"C:\\Users\\sebas\\Desktop\\FinalProyectX\\tweets\\domain\\tweetsValidators.js": {"path":"C:\\Users\\sebas\\Desktop\\FinalProyectX\\tweets\\domain\\tweetsValidators.js","statementMap":{"0":{"start":{"line":1,"column":33},"end":{"line":17,"column":1}},"1":{"start":{"line":2,"column":19},"end":{"line":2,"column":23}},"2":{"start":{"line":3,"column":16},"end":{"line":3,"column":18}},"3":{"start":{"line":5,"column":2},"end":{"line":9,"column":3}},"4":{"start":{"line":6,"column":4},"end":{"line":6,"column":23}},"5":{"start":{"line":7,"column":4},"end":{"line":7,"column":51}},"6":{"start":{"line":8,"column":4},"end":{"line":8,"column":35}},"7":{"start":{"line":11,"column":2},"end":{"line":14,"column":3}},"8":{"start":{"line":12,"column":4},"end":{"line":12,"column":23}},"9":{"start":{"line":13,"column":4},"end":{"line":13,"column":79}},"10":{"start":{"line":16,"column":2},"end":{"line":16,"column":33}},"11":{"start":{"line":19,"column":0},"end":{"line":21,"column":2}}},"fnMap":{"0":{"name":"(anonymous_0)","decl":{"start":{"line":1,"column":33},"end":{"line":1,"column":34}},"loc":{"start":{"line":1,"column":46},"end":{"line":17,"column":1}},"line":1}},"branchMap":{"0":{"loc":{"start":{"line":5,"column":2},"end":{"line":9,"column":3}},"type":"if","locations":[{"start":{"line":5,"column":2},"end":{"line":9,"column":3}},{"start":{},"end":{}}],"line":5},"1":{"loc":{"start":{"line":5,"column":6},"end":{"line":5,"column":50}},"type":"binary-expr","locations":[{"start":{"line":5,"column":6},"end":{"line":5,"column":21}},{"start":{"line":5,"column":25},"end":{"line":5,"column":50}}],"line":5},"2":{"loc":{"start":{"line":11,"column":2},"end":{"line":14,"column":3}},"type":"if","locations":[{"start":{"line":11,"column":2},"end":{"line":14,"column":3}},{"start":{},"end":{}}],"line":11},"3":{"loc":{"start":{"line":11,"column":6},"end":{"line":11,"column":48}},"type":"binary-expr","locations":[{"start":{"line":11,"column":6},"end":{"line":11,"column":24}},{"start":{"line":11,"column":28},"end":{"line":11,"column":48}}],"line":11}},"s":{"0":5,"1":5,"2":5,"3":5,"4":2,"5":2,"6":2,"7":3,"8":1,"9":1,"10":3,"11":5},"f":{"0":5},"b":{"0":[2,3],"1":[5,3],"2":[1,2],"3":[3,3]},"_coverageSchema":"1a1c01bbd47fc00a2c39e90264f33305004495a9","hash":"7ae36b5db66fcc5d4a803caacea568a1e6419a25"}
,"C:\\Users\\sebas\\Desktop\\FinalProyectX\\tweets\\infraestructure\\tweetsController.js": {"path":"C:\\Users\\sebas\\Desktop\\FinalProyectX\\tweets\\infraestructure\\tweetsController.js","statementMap":{"0":{"start":{"line":1,"column":22},"end":{"line":1,"column":55}},"1":{"start":{"line":2,"column":27},"end":{"line":2,"column":66}},"2":{"start":{"line":3,"column":29},"end":{"line":3,"column":70}},"3":{"start":{"line":5,"column":17},"end":{"line":21,"column":1}},"4":{"start":{"line":6,"column":41},"end":{"line":6,"column":53}},"5":{"start":{"line":8,"column":20},"end":{"line":8,"column":50}},"6":{"start":{"line":10,"column":2},"end":{"line":20,"column":3}},"7":{"start":{"line":11,"column":19},"end":{"line":11,"column":45}},"8":{"start":{"line":13,"column":4},"end":{"line":15,"column":5}},"9":{"start":{"line":14,"column":6},"end":{"line":14,"column":47}},"10":{"start":{"line":17,"column":4},"end":{"line":17,"column":45}},"11":{"start":{"line":19,"column":4},"end":{"line":19,"column":101}},"12":{"start":{"line":23,"column":24},"end":{"line":37,"column":1}},"13":{"start":{"line":24,"column":22},"end":{"line":24,"column":36}},"14":{"start":{"line":26,"column":2},"end":{"line":36,"column":3}},"15":{"start":{"line":27,"column":19},"end":{"line":27,"column":48}},"16":{"start":{"line":29,"column":4},"end":{"line":31,"column":5}},"17":{"start":{"line":30,"column":6},"end":{"line":30,"column":47}},"18":{"start":{"line":33,"column":4},"end":{"line":33,"column":45}},"19":{"start":{"line":35,"column":4},"end":{"line":35,"column":101}},"20":{"start":{"line":39,"column":26},"end":{"line":53,"column":1}},"21":{"start":{"line":40,"column":22},"end":{"line":40,"column":34}},"22":{"start":{"line":42,"column":2},"end":{"line":52,"column":3}},"23":{"start":{"line":43,"column":19},"end":{"line":43,"column":50}},"24":{"start":{"line":45,"column":4},"end":{"line":47,"column":5}},"25":{"start":{"line":46,"column":6},"end":{"line":46,"column":47}},"26":{"start":{"line":49,"column":4},"end":{"line":49,"column":45}},"27":{"start":{"line":51,"column":4},"end":{"line":51,"column":101}},"28":{"start":{"line":55,"column":0},"end":{"line":59,"column":2}}},"fnMap":{"0":{"name":"(anonymous_0)","decl":{"start":{"line":5,"column":17},"end":{"line":5,"column":18}},"loc":{"start":{"line":5,"column":46},"end":{"line":21,"column":1}},"line":5},"1":{"name":"(anonymous_1)","decl":{"start":{"line":23,"column":24},"end":{"line":23,"column":25}},"loc":{"start":{"line":23,"column":53},"end":{"line":37,"column":1}},"line":23},"2":{"name":"(anonymous_2)","decl":{"start":{"line":39,"column":26},"end":{"line":39,"column":27}},"loc":{"start":{"line":39,"column":55},"end":{"line":53,"column":1}},"line":39}},"branchMap":{"0":{"loc":{"start":{"line":13,"column":4},"end":{"line":15,"column":5}},"type":"if","locations":[{"start":{"line":13,"column":4},"end":{"line":15,"column":5}},{"start":{},"end":{}}],"line":13},"1":{"loc":{"start":{"line":29,"column":4},"end":{"line":31,"column":5}},"type":"if","locations":[{"start":{"line":29,"column":4},"end":{"line":31,"column":5}},{"start":{},"end":{}}],"line":29},"2":{"loc":{"start":{"line":45,"column":4},"end":{"line":47,"column":5}},"type":"if","locations":[{"start":{"line":45,"column":4},"end":{"line":47,"column":5}},{"start":{},"end":{}}],"line":45}},"s":{"0":3,"1":3,"2":3,"3":3,"4":3,"5":3,"6":3,"7":3,"8":2,"9":1,"10":1,"11":1,"12":3,"13":3,"14":3,"15":3,"16":2,"17":1,"18":1,"19":1,"20":3,"21":3,"22":3,"23":3,"24":2,"25":1,"26":1,"27":1,"28":3},"f":{"0":3,"1":3,"2":3},"b":{"0":[1,1],"1":[1,1],"2":[1,1]},"_coverageSchema":"1a1c01bbd47fc00a2c39e90264f33305004495a9","hash":"17dcd2227f0ab82597bc031acab16255f6a0b89a"}
,"C:\\Users\\sebas\\Desktop\\FinalProyectX\\users\\aplication\\findUserByTag.js": {"path":"C:\\Users\\sebas\\Desktop\\FinalProyectX\\users\\aplication\\findUserByTag.js","statementMap":{"0":{"start":{"line":1,"column":13},"end":{"line":1,"column":43}},"1":{"start":{"line":3,"column":22},"end":{"line":29,"column":1}},"2":{"start":{"line":5,"column":2},"end":{"line":9,"column":3}},"3":{"start":{"line":6,"column":4},"end":{"line":8,"column":6}},"4":{"start":{"line":11,"column":2},"end":{"line":28,"column":3}},"5":{"start":{"line":13,"column":15},"end":{"line":13,"column":46}},"6":{"start":{"line":15,"column":4},"end":{"line":19,"column":5}},"7":{"start":{"line":16,"column":6},"end":{"line":18,"column":8}},"8":{"start":{"line":21,"column":4},"end":{"line":24,"column":6}},"9":{"start":{"line":27,"column":4},"end":{"line":27,"column":68}},"10":{"start":{"line":31,"column":0},"end":{"line":33,"column":1}}},"fnMap":{"0":{"name":"(anonymous_0)","decl":{"start":{"line":3,"column":22},"end":{"line":3,"column":23}},"loc":{"start":{"line":3,"column":41},"end":{"line":29,"column":1}},"line":3}},"branchMap":{"0":{"loc":{"start":{"line":5,"column":2},"end":{"line":9,"column":3}},"type":"if","locations":[{"start":{"line":5,"column":2},"end":{"line":9,"column":3}},{"start":{},"end":{}}],"line":5},"1":{"loc":{"start":{"line":15,"column":4},"end":{"line":19,"column":5}},"type":"if","locations":[{"start":{"line":15,"column":4},"end":{"line":19,"column":5}},{"start":{},"end":{}}],"line":15}},"s":{"0":11,"1":11,"2":0,"3":0,"4":0,"5":0,"6":0,"7":0,"8":0,"9":0,"10":11},"f":{"0":0},"b":{"0":[0,0],"1":[0,0]},"_coverageSchema":"1a1c01bbd47fc00a2c39e90264f33305004495a9","hash":"76474dc82ac72222330ba91852a8a077619da467"}
,"C:\\Users\\sebas\\Desktop\\FinalProyectX\\users\\aplication\\getFollowingsByTag.js": {"path":"C:\\Users\\sebas\\Desktop\\FinalProyectX\\users\\aplication\\getFollowingsByTag.js","statementMap":{"0":{"start":{"line":1,"column":23},"end":{"line":1,"column":65}},"1":{"start":{"line":2,"column":26},"end":{"line":2,"column":52}},"2":{"start":{"line":4,"column":27},"end":{"line":28,"column":1}},"3":{"start":{"line":6,"column":2},"end":{"line":26,"column":3}},"4":{"start":{"line":8,"column":15},"end":{"line":8,"column":43}},"5":{"start":{"line":10,"column":4},"end":{"line":12,"column":5}},"6":{"start":{"line":11,"column":6},"end":{"line":11,"column":51}},"7":{"start":{"line":14,"column":23},"end":{"line":14,"column":84}},"8":{"start":{"line":16,"column":4},"end":{"line":18,"column":5}},"9":{"start":{"line":17,"column":6},"end":{"line":17,"column":69}},"10":{"start":{"line":20,"column":26},"end":{"line":20,"column":77}},"11":{"start":{"line":20,"column":54},"end":{"line":20,"column":76}},"12":{"start":{"line":22,"column":4},"end":{"line":22,"column":73}},"13":{"start":{"line":25,"column":4},"end":{"line":25,"column":67}},"14":{"start":{"line":30,"column":0},"end":{"line":32,"column":2}}},"fnMap":{"0":{"name":"(anonymous_0)","decl":{"start":{"line":4,"column":27},"end":{"line":4,"column":28}},"loc":{"start":{"line":4,"column":46},"end":{"line":28,"column":1}},"line":4},"1":{"name":"(anonymous_1)","decl":{"start":{"line":20,"column":41},"end":{"line":20,"column":42}},"loc":{"start":{"line":20,"column":54},"end":{"line":20,"column":76}},"line":20}},"branchMap":{"0":{"loc":{"start":{"line":10,"column":4},"end":{"line":12,"column":5}},"type":"if","locations":[{"start":{"line":10,"column":4},"end":{"line":12,"column":5}},{"start":{},"end":{}}],"line":10},"1":{"loc":{"start":{"line":16,"column":4},"end":{"line":18,"column":5}},"type":"if","locations":[{"start":{"line":16,"column":4},"end":{"line":18,"column":5}},{"start":{},"end":{}}],"line":16},"2":{"loc":{"start":{"line":16,"column":8},"end":{"line":16,"column":46}},"type":"binary-expr","locations":[{"start":{"line":16,"column":8},"end":{"line":16,"column":19}},{"start":{"line":16,"column":23},"end":{"line":16,"column":46}}],"line":16}},"s":{"0":11,"1":11,"2":11,"3":0,"4":0,"5":0,"6":0,"7":0,"8":0,"9":0,"10":0,"11":0,"12":0,"13":0,"14":11},"f":{"0":0,"1":0},"b":{"0":[0,0],"1":[0,0],"2":[0,0]},"_coverageSchema":"1a1c01bbd47fc00a2c39e90264f33305004495a9","hash":"4311ef171e8e235e08040a04f5c61dd4fa702e9a"}
,"C:\\Users\\sebas\\Desktop\\FinalProyectX\\users\\domain\\userModel.js": {"path":"C:\\Users\\sebas\\Desktop\\FinalProyectX\\users\\domain\\userModel.js","statementMap":{"0":{"start":{"line":1,"column":17},"end":{"line":1,"column":36}},"1":{"start":{"line":3,"column":19},"end":{"line":13,"column":2}},"2":{"start":{"line":15,"column":13},"end":{"line":15,"column":47}},"3":{"start":{"line":17,"column":0},"end":{"line":17,"column":22}}},"fnMap":{},"branchMap":{},"s":{"0":11,"1":11,"2":11,"3":11},"f":{},"b":{},"_coverageSchema":"1a1c01bbd47fc00a2c39e90264f33305004495a9","hash":"4186ba5b330711d05011e3699dd2a6b7976ecc3a"}
,"C:\\Users\\sebas\\Desktop\\FinalProyectX\\users\\infraestructure\\userAdapters.js": {"path":"C:\\Users\\sebas\\Desktop\\FinalProyectX\\users\\infraestructure\\userAdapters.js","statementMap":{"0":{"start":{"line":1,"column":26},"end":{"line":1,"column":64}},"1":{"start":{"line":2,"column":31},"end":{"line":2,"column":74}},"2":{"start":{"line":4,"column":17},"end":{"line":16,"column":1}},"3":{"start":{"line":5,"column":2},"end":{"line":15,"column":3}},"4":{"start":{"line":6,"column":36},"end":{"line":6,"column":64}},"5":{"start":{"line":8,"column":4},"end":{"line":10,"column":5}},"6":{"start":{"line":9,"column":6},"end":{"line":9,"column":31}},"7":{"start":{"line":12,"column":4},"end":{"line":12,"column":20}},"8":{"start":{"line":14,"column":4},"end":{"line":14,"column":57}},"9":{"start":{"line":18,"column":22},"end":{"line":32,"column":1}},"10":{"start":{"line":20,"column":2},"end":{"line":30,"column":3}},"11":{"start":{"line":21,"column":46},"end":{"line":21,"column":79}},"12":{"start":{"line":23,"column":4},"end":{"line":25,"column":5}},"13":{"start":{"line":24,"column":6},"end":{"line":24,"column":32}},"14":{"start":{"line":27,"column":4},"end":{"line":27,"column":29}},"15":{"start":{"line":29,"column":4},"end":{"line":29,"column":57}},"16":{"start":{"line":34,"column":0},"end":{"line":37,"column":2}}},"fnMap":{"0":{"name":"(anonymous_0)","decl":{"start":{"line":4,"column":17},"end":{"line":4,"column":18}},"loc":{"start":{"line":4,"column":36},"end":{"line":16,"column":1}},"line":4},"1":{"name":"(anonymous_1)","decl":{"start":{"line":18,"column":22},"end":{"line":18,"column":23}},"loc":{"start":{"line":18,"column":41},"end":{"line":32,"column":1}},"line":18}},"branchMap":{"0":{"loc":{"start":{"line":8,"column":4},"end":{"line":10,"column":5}},"type":"if","locations":[{"start":{"line":8,"column":4},"end":{"line":10,"column":5}},{"start":{},"end":{}}],"line":8},"1":{"loc":{"start":{"line":23,"column":4},"end":{"line":25,"column":5}},"type":"if","locations":[{"start":{"line":23,"column":4},"end":{"line":25,"column":5}},{"start":{},"end":{}}],"line":23}},"s":{"0":11,"1":11,"2":11,"3":0,"4":0,"5":0,"6":0,"7":0,"8":0,"9":11,"10":0,"11":0,"12":0,"13":0,"14":0,"15":0,"16":11},"f":{"0":0,"1":0},"b":{"0":[0,0],"1":[0,0]},"_coverageSchema":"1a1c01bbd47fc00a2c39e90264f33305004495a9","hash":"7127a69f6bf9784f5d35687316c54ac2dbe90ec6"}
}
