TN:
SF:auth\aplication\generateJWT.js
FN:4,(anonymous_0)
FNF:1
FNH:1
FNDA:3,(anonymous_0)
DA:1,5
DA:2,5
DA:4,5
DA:5,3
DA:8,5
LF:5
LH:5
BRF:0
BRH:0
end_of_record
TN:
SF:auth\aplication\loginUser.js
FN:5,(anonymous_0)
FNF:1
FNH:1
FNDA:5,(anonymous_0)
DA:1,2
DA:2,2
DA:3,2
DA:5,2
DA:6,5
DA:8,5
DA:9,5
DA:10,1
DA:13,4
DA:15,4
DA:17,3
DA:18,1
DA:21,2
DA:22,1
DA:25,1
DA:26,1
DA:29,1
DA:33,2
LF:18
LH:18
BRDA:9,0,0,1
BRDA:9,0,1,4
BRDA:17,1,0,1
BRDA:17,1,1,2
BRDA:21,2,0,1
BRDA:21,2,1,1
BRF:6
BRH:6
end_of_record
TN:
SF:auth\aplication\registerUser.js
FN:7,(anonymous_0)
FNF:1
FNH:1
FNDA:4,(anonymous_0)
DA:1,2
DA:2,2
DA:3,2
DA:7,2
DA:9,4
DA:11,4
DA:13,4
DA:14,1
DA:17,3
DA:18,3
DA:20,3
DA:22,3
DA:23,1
DA:26,2
DA:28,2
DA:36,2
DA:38,1
DA:39,1
DA:42,1
DA:46,2
LF:20
LH:20
BRDA:13,0,0,1
BRDA:13,0,1,3
BRDA:22,1,0,1
BRDA:22,1,1,2
BRF:4
BRH:4
end_of_record
TN:
SF:auth\aplication\validateDataForLogin.js
FN:5,(anonymous_0)
FNF:1
FNH:1
FNDA:4,(anonymous_0)
DA:1,3
DA:2,3
DA:3,3
DA:5,3
DA:7,4
DA:8,4
DA:9,4
DA:10,3
DA:12,2
DA:13,0
DA:16,2
DA:17,0
DA:20,2
DA:21,1
DA:26,3
LF:15
LH:13
BRDA:12,0,0,0
BRDA:12,0,1,2
BRDA:16,1,0,0
BRDA:16,1,1,2
BRDA:20,2,0,1
BRDA:20,2,1,1
BRF:6
BRH:4
end_of_record
TN:
SF:auth\aplication\validateDataForRegister.js
FN:5,(anonymous_0)
FNF:1
FNH:1
FNDA:4,(anonymous_0)
DA:1,3
DA:2,3
DA:3,3
DA:5,3
DA:7,4
DA:8,4
DA:9,4
DA:10,3
DA:12,2
DA:13,0
DA:16,2
DA:17,0
DA:20,2
DA:21,1
DA:26,3
LF:15
LH:13
BRDA:12,0,0,0
BRDA:12,0,1,2
BRDA:16,1,0,0
BRDA:16,1,1,2
BRDA:20,2,0,1
BRDA:20,2,1,1
BRF:6
BRH:4
end_of_record
TN:
SF:auth\domain\emailValidator.js
FN:1,(anonymous_0)
FNF:1
FNH:1
FNDA:4,(anonymous_0)
DA:1,4
DA:2,4
DA:3,4
DA:5,4
DA:6,1
DA:7,1
DA:8,1
DA:11,3
DA:12,3
DA:13,2
DA:14,2
DA:15,2
DA:18,1
DA:21,4
LF:14
LH:14
BRDA:5,0,0,1
BRDA:5,0,1,3
BRDA:12,1,0,2
BRDA:12,1,1,1
BRF:4
BRH:4
end_of_record
TN:
SF:auth\domain\loginValidator.js
FN:1,(anonymous_0)
FNF:1
FNH:1
FNDA:4,(anonymous_0)
DA:1,4
DA:2,4
DA:3,4
DA:5,4
DA:7,4
DA:8,2
DA:9,2
DA:10,2
DA:13,2
DA:14,1
DA:15,1
DA:16,1
DA:19,1
DA:20,0
DA:23,1
DA:26,4
LF:16
LH:15
BRDA:7,0,0,2
BRDA:7,0,1,2
BRDA:13,1,0,1
BRDA:13,1,1,1
BRDA:19,2,0,0
BRDA:19,2,1,1
BRF:6
BRH:5
end_of_record
TN:
SF:auth\domain\passwordValidator.js
FN:1,(anonymous_0)
FNF:1
FNH:1
FNDA:8,(anonymous_0)
DA:1,7
DA:2,8
DA:3,8
DA:5,8
DA:6,1
DA:7,1
DA:8,1
DA:11,7
DA:12,2
DA:13,2
DA:14,2
DA:17,5
DA:18,5
DA:19,1
DA:20,1
DA:21,1
DA:24,4
DA:25,4
DA:26,1
DA:27,1
DA:28,1
DA:31,3
DA:32,3
DA:33,1
DA:34,1
DA:35,1
DA:38,2
DA:39,2
DA:40,1
DA:41,1
DA:42,1
DA:45,1
DA:48,7
LF:33
LH:33
BRDA:5,0,0,1
BRDA:5,0,1,7
BRDA:11,1,0,2
BRDA:11,1,1,5
BRDA:11,2,0,7
BRDA:11,2,1,6
BRDA:18,3,0,1
BRDA:18,3,1,4
BRDA:25,4,0,1
BRDA:25,4,1,3
BRDA:32,5,0,1
BRDA:32,5,1,2
BRDA:39,6,0,1
BRDA:39,6,1,1
BRF:14
BRH:14
end_of_record
TN:
SF:auth\domain\registerValidator.js
FN:1,(anonymous_0)
FNF:1
FNH:1
FNDA:11,(anonymous_0)
DA:1,4
DA:2,11
DA:3,11
DA:5,11
DA:7,11
DA:8,1
DA:9,1
DA:10,1
DA:13,10
DA:14,1
DA:15,1
DA:16,1
DA:19,9
DA:20,1
DA:21,1
DA:22,1
DA:25,8
DA:26,1
DA:27,1
DA:28,1
DA:31,7
DA:32,1
DA:33,1
DA:34,1
DA:37,6
DA:38,2
DA:39,2
DA:40,2
DA:43,4
DA:44,4
DA:45,1
DA:46,1
DA:47,1
DA:50,3
DA:51,3
DA:52,1
DA:53,1
DA:54,1
DA:57,2
DA:58,2
DA:59,1
DA:60,1
DA:61,1
DA:64,1
DA:67,4
LF:45
LH:45
BRDA:7,0,0,1
BRDA:7,0,1,10
BRDA:13,1,0,1
BRDA:13,1,1,9
BRDA:19,2,0,1
BRDA:19,2,1,8
BRDA:25,3,0,1
BRDA:25,3,1,7
BRDA:25,4,0,8
BRDA:25,4,1,8
BRDA:31,5,0,1
BRDA:31,5,1,6
BRDA:31,6,0,7
BRDA:31,6,1,7
BRDA:37,7,0,2
BRDA:37,7,1,4
BRDA:37,8,0,6
BRDA:37,8,1,5
BRDA:44,9,0,1
BRDA:44,9,1,3
BRDA:51,10,0,1
BRDA:51,10,1,2
BRDA:58,11,0,1
BRDA:58,11,1,1
BRF:24
BRH:24
end_of_record
TN:
SF:auth\domain\userTagValidator.js
FN:1,(anonymous_0)
FNF:1
FNH:1
FNDA:7,(anonymous_0)
DA:1,4
DA:2,7
DA:3,7
DA:5,7
DA:6,1
DA:7,1
DA:8,1
DA:11,6
DA:12,1
DA:13,1
DA:14,1
DA:17,5
DA:18,5
DA:19,3
DA:20,3
DA:22,3
DA:25,2
DA:28,4
LF:18
LH:18
BRDA:5,0,0,1
BRDA:5,0,1,6
BRDA:11,1,0,1
BRDA:11,1,1,5
BRDA:18,2,0,3
BRDA:18,2,1,2
BRF:6
BRH:6
end_of_record
TN:
SF:auth\infraestructure\authController.js
FN:4,(anonymous_0)
FN:23,(anonymous_1)
FN:48,(anonymous_2)
FN:50,(anonymous_3)
FNF:4
FNH:4
FNDA:3,(anonymous_0)
FNDA:3,(anonymous_1)
FNDA:2,(anonymous_2)
FNDA:2,(anonymous_3)
DA:1,1
DA:2,1
DA:4,1
DA:5,3
DA:7,3
DA:9,3
DA:10,3
DA:11,2
DA:12,1
DA:15,1
DA:17,1
DA:23,1
DA:24,3
DA:26,3
DA:27,3
DA:29,2
DA:30,1
DA:33,1
DA:35,0
DA:41,2
DA:48,1
DA:50,2
DA:51,2
DA:52,1
DA:54,1
DA:58,1
LF:26
LH:25
BRDA:11,0,0,1
BRDA:11,0,1,1
BRDA:29,1,0,1
BRDA:29,1,1,1
BRDA:51,2,0,1
BRDA:51,2,1,1
BRF:6
BRH:6
end_of_record
TN:
SF:users\domain\userModel.js
FNF:0
FNH:0
DA:1,4
DA:3,4
DA:15,4
DA:17,4
LF:4
LH:4
BRF:0
BRH:0
end_of_record
